0 info it worked if it ends with ok
1 verbose cli [ '/usr/local/bin/node',
1 verbose cli   '/usr/local/bin/npm',
1 verbose cli   'run',
1 verbose cli   'start',
1 verbose cli   '--',
1 verbose cli   '-p',
1 verbose cli   '3001' ]
2 info using npm@3.10.10
3 info using node@v6.11.2
4 verbose run-script [ 'prestart', 'start', 'poststart' ]
5 info lifecycle estask-client@1.0.0~prestart: estask-client@1.0.0
6 silly lifecycle estask-client@1.0.0~prestart: no script for prestart, continuing
7 info lifecycle estask-client@1.0.0~start: estask-client@1.0.0
8 verbose lifecycle estask-client@1.0.0~start: unsafe-perm in lifecycle true
9 verbose lifecycle estask-client@1.0.0~start: PATH: /usr/local/lib/node_modules/npm/bin/node-gyp-bin:/Users/thomasmirmotahari/Dropbox/web-development/code/technical-challenge/client/node_modules/.bin:/Users/thomasmirmotahari/.rvm/gems/ruby-2.4.1/bin:/Users/thomasmirmotahari/.rvm/gems/ruby-2.4.1@global/bin:/Users/thomasmirmotahari/.rvm/rubies/ruby-2.4.1/bin:/Users/thomasmirmotahari/google-cloud-sdk/bin:/Users/thomasmirmotahari/.gobrew/shims:/Users/thomasmirmotahari/picatic-local/repos/go/bin:/Users/thomasmirmotahari/.gobrew/bin:/Users/thomasmirmotahari/.yarn/bin:/usr/local/bin:/usr/bin:/bin:/usr/sbin:/sbin:/usr/local/go/bin:/Applications/Wireshark.app/Contents/MacOS:/Users/thomasmirmotahari/.rvm/bin
10 verbose lifecycle estask-client@1.0.0~start: CWD: /Users/thomasmirmotahari/Dropbox/web-development/code/technical-challenge/client
11 silly lifecycle estask-client@1.0.0~start: Args: [ '-c', 'next start "-p" "3001"' ]
12 silly lifecycle estask-client@1.0.0~start: Returned: code: 1  signal: null
13 info lifecycle estask-client@1.0.0~start: Failed to exec start script
14 verbose stack Error: estask-client@1.0.0 start: `next start "-p" "3001"`
14 verbose stack Exit status 1
14 verbose stack     at EventEmitter.<anonymous> (/usr/local/lib/node_modules/npm/lib/utils/lifecycle.js:255:16)
14 verbose stack     at emitTwo (events.js:106:13)
14 verbose stack     at EventEmitter.emit (events.js:191:7)
14 verbose stack     at ChildProcess.<anonymous> (/usr/local/lib/node_modules/npm/lib/utils/spawn.js:40:14)
14 verbose stack     at emitTwo (events.js:106:13)
14 verbose stack     at ChildProcess.emit (events.js:191:7)
14 verbose stack     at maybeClose (internal/child_process.js:891:16)
14 verbose stack     at Process.ChildProcess._handle.onexit (internal/child_process.js:226:5)
15 verbose pkgid estask-client@1.0.0
16 verbose cwd /Users/thomasmirmotahari/Dropbox/web-development/code/technical-challenge/client
17 error Darwin 17.4.0
18 error argv "/usr/local/bin/node" "/usr/local/bin/npm" "run" "start" "--" "-p" "3001"
19 error node v6.11.2
20 error npm  v3.10.10
21 error code ELIFECYCLE
22 error estask-client@1.0.0 start: `next start "-p" "3001"`
22 error Exit status 1
23 error Failed at the estask-client@1.0.0 start script 'next start "-p" "3001"'.
23 error Make sure you have the latest version of node.js and npm installed.
23 error If you do, this is most likely a problem with the estask-client package,
23 error not with npm itself.
23 error Tell the author that this fails on your system:
23 error     next start "-p" "3001"
23 error You can get information on how to open an issue for this project with:
23 error     npm bugs estask-client
23 error Or if that isn't available, you can get their info via:
23 error     npm owner ls estask-client
23 error There is likely additional logging output above.
24 verbose exit [ 1, true ]
